220209234724.956 INFO 'ansible_navigator.setup_logger' New ansible-navigator instance, logging initialized
220209234724.956 INFO 'ansible_navigator.setup_logger' New ansible-runner instance, logging initialized
220209234724.956 DEBUG 'ansible_navigator.main' Share directory '/usr/lib/python3.8/site-packages/share/ansible_navigator' not found (development path)
220209234724.956 DEBUG 'ansible_navigator.main' Share directory '/home/student1/.local/share/ansible_navigator' not found (userbase)
220209234724.956 DEBUG 'ansible_navigator.main' Share directory '/usr/share/ansible_navigator' found (sys.prefix)
220209234724.956 DEBUG 'ansible_navigator.main' Default collection_doc_cache_path set to: /home/student1/.cache/ansible-navigator/collection_doc_cache.db
220209234724.956 DEBUG 'ansible_navigator.main' EDITOR environment variable not set
220209234724.956 DEBUG 'ansible_navigator.main' Default editor_command set to: vi +{line_number} {filename}
220209234724.956 DEBUG 'ansible_navigator.main' No config file set by ANSIBLE_NAVIGATOR_CONFIG
220209234724.956 DEBUG 'ansible_navigator.main' Looking in /home/student1
220209234724.956 DEBUG 'ansible_navigator.main' Looking for '/home/student1/.ansible-navigator.yml', '/home/student1/.ansible-navigator.yaml' and '/home/student1/.ansible-navigator.json'
220209234724.956 DEBUG 'ansible_navigator.main' Found 1: '/home/student1/.ansible-navigator.yml'
220209234724.956 DEBUG 'ansible_navigator.main' Looking in /home/student1/AAP2-Network
220209234724.956 DEBUG 'ansible_navigator.main' Looking for '/home/student1/AAP2-Network/ansible-navigator.yml', '/home/student1/AAP2-Network/ansible-navigator.yaml' and '/home/student1/AAP2-Network/ansible-navigator.json'
220209234724.956 DEBUG 'ansible_navigator.main' Found 0: 
220209234724.956 DEBUG 'ansible_navigator.main' All found 1: '/home/student1/.ansible-navigator.yml'
220209234724.956 DEBUG 'ansible_navigator.main' Using: /home/student1/.ansible-navigator.yml
220209234724.956 DEBUG 'ansible_navigator.main' Using settings file at /home/student1/.ansible-navigator.yml in search path
220209234724.956 DEBUG 'ansible_navigator.main' Command provided: 'run facts.yml -mode stdout'
220209234724.956 DEBUG 'ansible_navigator.main' ansible-navigator.ansible-runner.artifact-dir not found in settings file
220209234724.956 DEBUG 'ansible_navigator.main' ansible-navigator.ansible-runner.rotate-artifacts-count not found in settings file
220209234724.956 DEBUG 'ansible_navigator.main' ansible-navigator.ansible-runner.timeout not found in settings file
220209234724.957 DEBUG 'ansible_navigator.main' ansible-navigator.app not found in settings file
220209234724.957 DEBUG 'ansible_navigator.main' ansible-navigator.ansible.cmdline not found in settings file
220209234724.957 DEBUG 'ansible_navigator.main' ansible-navigator.collection-doc-cache-path not found in settings file
220209234724.957 DEBUG 'ansible_navigator.main' ansible-navigator.ansible.config not found in settings file
220209234724.957 DEBUG 'ansible_navigator.main' ansible-navigator.color.enable not found in settings file
220209234724.957 DEBUG 'ansible_navigator.main' ansible-navigator.editor.command not found in settings file
220209234724.957 DEBUG 'ansible_navigator.main' ansible-navigator.editor.console not found in settings file
220209234724.957 DEBUG 'ansible_navigator.main' ansible-navigator.help-config not found in settings file
220209234724.957 DEBUG 'ansible_navigator.main' ansible-navigator.help-doc not found in settings file
220209234724.957 DEBUG 'ansible_navigator.main' ansible-navigator.help-inventory not found in settings file
220209234724.957 DEBUG 'ansible_navigator.main' ansible-navigator.help-playbook not found in settings file
220209234724.957 DEBUG 'ansible_navigator.main' ansible-navigator.inventory-columns not found in settings file
220209234724.957 DEBUG 'ansible_navigator.main' ansible-navigator.logging.append not found in settings file
220209234724.957 DEBUG 'ansible_navigator.main' ansible-navigator.logging.file not found in settings file
220209234724.957 DEBUG 'ansible_navigator.main' ansible-navigator.logging.level not found in settings file
220209234724.957 DEBUG 'ansible_navigator.main' ansible-navigator.mode not found in settings file
220209234724.957 DEBUG 'ansible_navigator.main' ansible-navigator.color.osc4 not found in settings file
220209234724.957 DEBUG 'ansible_navigator.main' ansible-navigator.execution-environment.environment-variables.pass not found in settings file
220209234724.957 DEBUG 'ansible_navigator.main' ansible-navigator.ansible.playbook not found in settings file
220209234724.957 DEBUG 'ansible_navigator.main' ansible-navigator.playbook-artifact.enable not found in settings file
220209234724.957 DEBUG 'ansible_navigator.main' ansible-navigator.playbook-artifact.replay not found in settings file
220209234724.957 DEBUG 'ansible_navigator.main' ansible-navigator.playbook-artifact.save-as not found in settings file
220209234724.957 DEBUG 'ansible_navigator.main' ansible-navigator.documentation.plugin.name not found in settings file
220209234724.957 DEBUG 'ansible_navigator.main' ansible-navigator.documentation.plugin.type not found in settings file
220209234724.957 DEBUG 'ansible_navigator.main' ansible-navigator.execution-environment.environment-variables.set not found in settings file
220209234724.957 DEBUG 'ansible_navigator.main' Completed post processing for ansible_runner_artifact_dir. (changed=False)
220209234724.957 DEBUG 'ansible_navigator.main' Completed post processing for ansible_runner_rotate_artifacts_count. (changed=False)
220209234724.957 DEBUG 'ansible_navigator.main' Completed post processing for ansible_runner_timeout. (changed=False)
220209234724.957 DEBUG 'ansible_navigator.main' Completed post processing for cmdline. (changed=False)
220209234724.957 DEBUG 'ansible_navigator.main' Completed post processing for collection_doc_cache_path. (changed=False)
220209234724.958 DEBUG 'ansible_navigator.main' Completed post processing for container_engine. (changed=False)
220209234724.958 DEBUG 'ansible_navigator.main' Completed post processing for display_color. (changed=False)
220209234724.958 DEBUG 'ansible_navigator.main' Completed post processing for editor_console. (changed=False)
220209234724.958 DEBUG 'ansible_navigator.main' Completed post processing for execution_environment. (changed=False)
220209234724.958 DEBUG 'ansible_navigator.main' Completed post processing for execution_environment_image. (changed=False)
220209234724.958 DEBUG 'ansible_navigator.main' Completed post processing for execution_environment_volume_mounts. (changed=True)
220209234724.958 DEBUG 'ansible_navigator.main'  before: '[{'src': '/etc/ansible/', 'dest': '/etc/ansible/'}]'
220209234724.958 DEBUG 'ansible_navigator.main'  after: '['/etc/ansible/:/etc/ansible/']'
220209234724.958 DEBUG 'ansible_navigator.main' Completed post processing for help_config. (changed=False)
220209234724.958 DEBUG 'ansible_navigator.main' Completed post processing for help_doc. (changed=False)
220209234724.958 DEBUG 'ansible_navigator.main' Completed post processing for help_inventory. (changed=False)
220209234724.958 DEBUG 'ansible_navigator.main' Completed post processing for help_playbook. (changed=False)
220209234724.958 DEBUG 'ansible_navigator.main' Completed post processing for inventory. (changed=False)
220209234724.958 DEBUG 'ansible_navigator.main' Completed post processing for inventory_column. (changed=False)
220209234724.958 DEBUG 'ansible_navigator.main' Completed post processing for log_append. (changed=False)
220209234724.958 DEBUG 'ansible_navigator.main' Completed post processing for log_file. (changed=False)
220209234724.958 DEBUG 'ansible_navigator.main' Completed post processing for mode. (changed=False)
220209234724.958 DEBUG 'ansible_navigator.main' Completed post processing for osc4. (changed=False)
220209234724.958 DEBUG 'ansible_navigator.main' Completed post processing for pass_environment_variable. (changed=False)
220209234724.958 DEBUG 'ansible_navigator.main' Completed post processing for playbook. (changed=True)
220209234724.958 DEBUG 'ansible_navigator.main'  before: 'facts.yml'
220209234724.958 DEBUG 'ansible_navigator.main'  after: '/home/student1/AAP2-Network/facts.yml'
220209234724.958 DEBUG 'ansible_navigator.main' Completed post processing for playbook_artifact_enable. (changed=False)
220209234724.958 DEBUG 'ansible_navigator.main' Completed post processing for playbook_artifact_replay. (changed=False)
220209234724.958 DEBUG 'ansible_navigator.main' Completed post processing for plugin_name. (changed=False)
220209234724.958 DEBUG 'ansible_navigator.main' Completed post processing for set_environment_variable. (changed=False)
220209234724.958 WARNING 'ansible_navigator.main' Configuration errors encountered, rolling back to previous configuration.
220209234724.958 DEBUG 'ansible_navigator.main' Prior to rollback: ansible_runner_artifact_dir = 'Constants.NOT_SET' (Constants/value has not been set)
220209234724.958 DEBUG 'ansible_navigator.main' Prior to rollback: ansible_runner_rotate_artifacts_count = 'Constants.NOT_SET' (Constants/value has not been set)
220209234724.958 DEBUG 'ansible_navigator.main' Prior to rollback: ansible_runner_timeout = 'Constants.NOT_SET' (Constants/value has not been set)
220209234724.959 DEBUG 'ansible_navigator.main' Prior to rollback: app = 'run' (str/cli parameters)
220209234724.959 DEBUG 'ansible_navigator.main' Prior to rollback: cmdline = '['stdout']' (list/cli parameters)
220209234724.959 DEBUG 'ansible_navigator.main' Prior to rollback: collection_doc_cache_path = '/home/student1/.cache/ansible-navigator/collection_doc_cache.db' (str/default configuration value)
220209234724.959 DEBUG 'ansible_navigator.main' Prior to rollback: config = 'Constants.NOT_SET' (Constants/value has not been set)
220209234724.959 DEBUG 'ansible_navigator.main' Prior to rollback: container_engine = 'podman' (str/user provided configuration file)
220209234724.959 DEBUG 'ansible_navigator.main' Prior to rollback: display_color = 'True' (bool/default configuration value)
220209234724.959 DEBUG 'ansible_navigator.main' Prior to rollback: editor_command = 'vi +{line_number} {filename}' (str/default configuration value)
220209234724.959 DEBUG 'ansible_navigator.main' Prior to rollback: editor_console = 'True' (bool/default configuration value)
220209234724.959 DEBUG 'ansible_navigator.main' Prior to rollback: execution_environment = 'True' (bool/user provided configuration file)
220209234724.959 DEBUG 'ansible_navigator.main' Prior to rollback: execution_environment_image = 'registry.redhat.io/ansible-automation-platform-20-early-access/ee-supported-rhel8:2.0.0' (str/user provided configuration file)
220209234724.959 DEBUG 'ansible_navigator.main' Prior to rollback: execution_environment_volume_mounts = '['/etc/ansible/:/etc/ansible/']' (list/user provided configuration file)
220209234724.959 DEBUG 'ansible_navigator.main' Prior to rollback: help_config = 'False' (bool/default configuration value)
220209234724.959 DEBUG 'ansible_navigator.main' Prior to rollback: help_doc = 'False' (bool/default configuration value)
220209234724.959 DEBUG 'ansible_navigator.main' Prior to rollback: help_inventory = 'False' (bool/default configuration value)
220209234724.959 DEBUG 'ansible_navigator.main' Prior to rollback: help_playbook = 'False' (bool/default configuration value)
220209234724.959 DEBUG 'ansible_navigator.main' Prior to rollback: inventory = '['/home/student1/lab_inventory/hosts']' (list/user provided configuration file)
220209234724.959 DEBUG 'ansible_navigator.main' Prior to rollback: inventory_column = 'Constants.NOT_SET' (Constants/value has not been set)
220209234724.959 DEBUG 'ansible_navigator.main' Prior to rollback: log_append = 'True' (bool/default configuration value)
220209234724.959 DEBUG 'ansible_navigator.main' Prior to rollback: log_file = '/home/student1/AAP2-Network/ansible-navigator.log' (str/default configuration value)
220209234724.959 DEBUG 'ansible_navigator.main' Prior to rollback: log_level = 'warning' (str/default configuration value)
220209234724.959 DEBUG 'ansible_navigator.main' Prior to rollback: mode = 'ode' (str/cli parameters)
220209234724.959 DEBUG 'ansible_navigator.main' Prior to rollback: osc4 = 'True' (bool/default configuration value)
220209234724.959 DEBUG 'ansible_navigator.main' Prior to rollback: pass_environment_variable = 'Constants.NOT_SET' (Constants/value has not been set)
220209234724.959 DEBUG 'ansible_navigator.main' Prior to rollback: playbook = '/home/student1/AAP2-Network/facts.yml' (str/cli parameters)
220209234724.959 DEBUG 'ansible_navigator.main' Prior to rollback: playbook_artifact_enable = 'True' (bool/default configuration value)
220209234724.959 DEBUG 'ansible_navigator.main' Prior to rollback: playbook_artifact_replay = 'Constants.NOT_SET' (Constants/value has not been set)
220209234724.959 DEBUG 'ansible_navigator.main' Prior to rollback: playbook_artifact_save_as = '{playbook_dir}/{playbook_name}-artifact-{ts_utc}.json' (str/default configuration value)
220209234724.960 DEBUG 'ansible_navigator.main' Prior to rollback: plugin_name = 'Constants.NOT_SET' (Constants/value has not been set)
220209234724.960 DEBUG 'ansible_navigator.main' Prior to rollback: plugin_type = 'module' (str/default configuration value)
220209234724.960 DEBUG 'ansible_navigator.main' Prior to rollback: pull_policy = 'missing' (str/user provided configuration file)
220209234724.960 DEBUG 'ansible_navigator.main' Prior to rollback: set_environment_variable = 'Constants.NOT_SET' (Constants/value has not been set)
220209234724.960 DEBUG 'ansible_navigator.main' After rollback: ansible_runner_artifact_dir = 'Constants.NOT_SET' (Constants/value has not been set)
220209234724.960 DEBUG 'ansible_navigator.main' After rollback: ansible_runner_rotate_artifacts_count = 'Constants.NOT_SET' (Constants/value has not been set)
220209234724.960 DEBUG 'ansible_navigator.main' After rollback: ansible_runner_timeout = 'Constants.NOT_SET' (Constants/value has not been set)
220209234724.960 DEBUG 'ansible_navigator.main' After rollback: app = 'Constants.NOT_SET' (Constants/value has not been set)
220209234724.960 DEBUG 'ansible_navigator.main' After rollback: cmdline = 'Constants.NOT_SET' (Constants/value has not been set)
220209234724.960 DEBUG 'ansible_navigator.main' After rollback: collection_doc_cache_path = 'Constants.NOT_SET' (Constants/value has not been set)
220209234724.960 DEBUG 'ansible_navigator.main' After rollback: config = 'Constants.NOT_SET' (Constants/value has not been set)
220209234724.960 DEBUG 'ansible_navigator.main' After rollback: container_engine = 'Constants.NOT_SET' (Constants/value has not been set)
220209234724.960 DEBUG 'ansible_navigator.main' After rollback: display_color = 'Constants.NOT_SET' (Constants/value has not been set)
220209234724.960 DEBUG 'ansible_navigator.main' After rollback: editor_command = 'Constants.NOT_SET' (Constants/value has not been set)
220209234724.960 DEBUG 'ansible_navigator.main' After rollback: editor_console = 'Constants.NOT_SET' (Constants/value has not been set)
220209234724.960 DEBUG 'ansible_navigator.main' After rollback: execution_environment = 'Constants.NOT_SET' (Constants/value has not been set)
220209234724.961 DEBUG 'ansible_navigator.main' After rollback: execution_environment_image = 'Constants.NOT_SET' (Constants/value has not been set)
220209234724.961 DEBUG 'ansible_navigator.main' After rollback: execution_environment_volume_mounts = 'Constants.NOT_SET' (Constants/value has not been set)
220209234724.961 DEBUG 'ansible_navigator.main' After rollback: help_config = 'Constants.NOT_SET' (Constants/value has not been set)
220209234724.961 DEBUG 'ansible_navigator.main' After rollback: help_doc = 'Constants.NOT_SET' (Constants/value has not been set)
220209234724.961 DEBUG 'ansible_navigator.main' After rollback: help_inventory = 'Constants.NOT_SET' (Constants/value has not been set)
220209234724.961 DEBUG 'ansible_navigator.main' After rollback: help_playbook = 'Constants.NOT_SET' (Constants/value has not been set)
220209234724.961 DEBUG 'ansible_navigator.main' After rollback: inventory = 'Constants.NOT_SET' (Constants/value has not been set)
220209234724.961 DEBUG 'ansible_navigator.main' After rollback: inventory_column = 'Constants.NOT_SET' (Constants/value has not been set)
220209234724.961 DEBUG 'ansible_navigator.main' After rollback: log_append = 'Constants.NOT_SET' (Constants/value has not been set)
220209234724.961 DEBUG 'ansible_navigator.main' After rollback: log_file = 'Constants.NOT_SET' (Constants/value has not been set)
220209234724.961 DEBUG 'ansible_navigator.main' After rollback: log_level = 'Constants.NOT_SET' (Constants/value has not been set)
220209234724.961 DEBUG 'ansible_navigator.main' After rollback: mode = 'Constants.NOT_SET' (Constants/value has not been set)
220209234724.961 DEBUG 'ansible_navigator.main' After rollback: osc4 = 'Constants.NOT_SET' (Constants/value has not been set)
220209234724.961 DEBUG 'ansible_navigator.main' After rollback: pass_environment_variable = 'Constants.NOT_SET' (Constants/value has not been set)
220209234724.961 DEBUG 'ansible_navigator.main' After rollback: playbook = 'Constants.NOT_SET' (Constants/value has not been set)
220209234724.961 DEBUG 'ansible_navigator.main' After rollback: playbook_artifact_enable = 'Constants.NOT_SET' (Constants/value has not been set)
220209234724.961 DEBUG 'ansible_navigator.main' After rollback: playbook_artifact_replay = 'Constants.NOT_SET' (Constants/value has not been set)
220209234724.962 DEBUG 'ansible_navigator.main' After rollback: playbook_artifact_save_as = 'Constants.NOT_SET' (Constants/value has not been set)
220209234724.962 DEBUG 'ansible_navigator.main' After rollback: plugin_name = 'Constants.NOT_SET' (Constants/value has not been set)
220209234724.962 DEBUG 'ansible_navigator.main' After rollback: plugin_type = 'Constants.NOT_SET' (Constants/value has not been set)
220209234724.962 DEBUG 'ansible_navigator.main' After rollback: pull_policy = 'Constants.NOT_SET' (Constants/value has not been set)
220209234724.962 DEBUG 'ansible_navigator.main' After rollback: set_environment_variable = 'Constants.NOT_SET' (Constants/value has not been set)
220209234724.962 DEBUG 'ansible_navigator.main' Configuration rollback complete.
220209234724.962 ERROR 'ansible_navigator.main' Command provided: 'run facts.yml -mode stdout'
220209234724.962 ERROR 'ansible_navigator.main' Subcommand 'run' does not support mode 'ode'. Supported modes: 'stdout' and 'interactive'.
220209234724.962 INFO 'ansible_navigator.main' Try again with '-m stdout' or '-m interactive'
220209234724.962 ERROR 'ansible_navigator.main' mode must be one of 'stdout' or 'interactive', but set as 'ode' in cli parameters
220209234724.962 INFO 'ansible_navigator.main' Try again with '-m stdout' or '-m interactive'
220209234724.962 ERROR 'ansible_navigator.main' Configuration failed, using default log file location: /home/student1/AAP2-Network/ansible-navigator.log. Log level set to debug
220209234724.962 INFO 'ansible_navigator.main' Review the hints and log file to see what went wrong: /home/student1/AAP2-Network/ansible-navigator.log
220209235215.783 INFO 'ansible_navigator.setup_logger' New ansible-navigator instance, logging initialized
220209235215.784 INFO 'ansible_navigator.setup_logger' New ansible-runner instance, logging initialized
220209235215.784 DEBUG 'ansible_navigator.main' Share directory '/usr/lib/python3.8/site-packages/share/ansible_navigator' not found (development path)
220209235215.784 DEBUG 'ansible_navigator.main' Share directory '/home/student1/.local/share/ansible_navigator' not found (userbase)
220209235215.784 DEBUG 'ansible_navigator.main' Share directory '/usr/share/ansible_navigator' found (sys.prefix)
220209235215.784 DEBUG 'ansible_navigator.main' Default collection_doc_cache_path set to: /home/student1/.cache/ansible-navigator/collection_doc_cache.db
220209235215.784 DEBUG 'ansible_navigator.main' EDITOR environment variable not set
220209235215.784 DEBUG 'ansible_navigator.main' Default editor_command set to: vi +{line_number} {filename}
220209235215.784 DEBUG 'ansible_navigator.main' No config file set by ANSIBLE_NAVIGATOR_CONFIG
220209235215.784 DEBUG 'ansible_navigator.main' Looking in /home/student1
220209235215.784 DEBUG 'ansible_navigator.main' Looking for '/home/student1/.ansible-navigator.yml', '/home/student1/.ansible-navigator.yaml' and '/home/student1/.ansible-navigator.json'
220209235215.784 DEBUG 'ansible_navigator.main' Found 1: '/home/student1/.ansible-navigator.yml'
220209235215.784 DEBUG 'ansible_navigator.main' Looking in /home/student1/AAP2-Network
220209235215.784 DEBUG 'ansible_navigator.main' Looking for '/home/student1/AAP2-Network/ansible-navigator.yml', '/home/student1/AAP2-Network/ansible-navigator.yaml' and '/home/student1/AAP2-Network/ansible-navigator.json'
220209235215.784 DEBUG 'ansible_navigator.main' Found 0: 
220209235215.784 DEBUG 'ansible_navigator.main' All found 1: '/home/student1/.ansible-navigator.yml'
220209235215.784 DEBUG 'ansible_navigator.main' Using: /home/student1/.ansible-navigator.yml
220209235215.784 DEBUG 'ansible_navigator.main' Using settings file at /home/student1/.ansible-navigator.yml in search path
220209235215.784 DEBUG 'ansible_navigator.main' Command provided: 'run inventario.yml --mode stadout'
220209235215.784 DEBUG 'ansible_navigator.main' ansible-navigator.ansible-runner.artifact-dir not found in settings file
220209235215.785 DEBUG 'ansible_navigator.main' ansible-navigator.ansible-runner.rotate-artifacts-count not found in settings file
220209235215.785 DEBUG 'ansible_navigator.main' ansible-navigator.ansible-runner.timeout not found in settings file
220209235215.785 DEBUG 'ansible_navigator.main' ansible-navigator.app not found in settings file
220209235215.785 DEBUG 'ansible_navigator.main' ansible-navigator.ansible.cmdline not found in settings file
220209235215.785 DEBUG 'ansible_navigator.main' ansible-navigator.collection-doc-cache-path not found in settings file
220209235215.785 DEBUG 'ansible_navigator.main' ansible-navigator.ansible.config not found in settings file
220209235215.785 DEBUG 'ansible_navigator.main' ansible-navigator.color.enable not found in settings file
220209235215.785 DEBUG 'ansible_navigator.main' ansible-navigator.editor.command not found in settings file
220209235215.785 DEBUG 'ansible_navigator.main' ansible-navigator.editor.console not found in settings file
220209235215.785 DEBUG 'ansible_navigator.main' ansible-navigator.help-config not found in settings file
220209235215.785 DEBUG 'ansible_navigator.main' ansible-navigator.help-doc not found in settings file
220209235215.785 DEBUG 'ansible_navigator.main' ansible-navigator.help-inventory not found in settings file
220209235215.785 DEBUG 'ansible_navigator.main' ansible-navigator.help-playbook not found in settings file
220209235215.785 DEBUG 'ansible_navigator.main' ansible-navigator.inventory-columns not found in settings file
220209235215.785 DEBUG 'ansible_navigator.main' ansible-navigator.logging.append not found in settings file
220209235215.785 DEBUG 'ansible_navigator.main' ansible-navigator.logging.file not found in settings file
220209235215.785 DEBUG 'ansible_navigator.main' ansible-navigator.logging.level not found in settings file
220209235215.785 DEBUG 'ansible_navigator.main' ansible-navigator.mode not found in settings file
220209235215.785 DEBUG 'ansible_navigator.main' ansible-navigator.color.osc4 not found in settings file
220209235215.785 DEBUG 'ansible_navigator.main' ansible-navigator.execution-environment.environment-variables.pass not found in settings file
220209235215.785 DEBUG 'ansible_navigator.main' ansible-navigator.ansible.playbook not found in settings file
220209235215.785 DEBUG 'ansible_navigator.main' ansible-navigator.playbook-artifact.enable not found in settings file
220209235215.785 DEBUG 'ansible_navigator.main' ansible-navigator.playbook-artifact.replay not found in settings file
220209235215.785 DEBUG 'ansible_navigator.main' ansible-navigator.playbook-artifact.save-as not found in settings file
220209235215.786 DEBUG 'ansible_navigator.main' ansible-navigator.documentation.plugin.name not found in settings file
220209235215.786 DEBUG 'ansible_navigator.main' ansible-navigator.documentation.plugin.type not found in settings file
220209235215.786 DEBUG 'ansible_navigator.main' ansible-navigator.execution-environment.environment-variables.set not found in settings file
220209235215.786 DEBUG 'ansible_navigator.main' Completed post processing for ansible_runner_artifact_dir. (changed=False)
220209235215.786 DEBUG 'ansible_navigator.main' Completed post processing for ansible_runner_rotate_artifacts_count. (changed=False)
220209235215.786 DEBUG 'ansible_navigator.main' Completed post processing for ansible_runner_timeout. (changed=False)
220209235215.786 DEBUG 'ansible_navigator.main' Completed post processing for cmdline. (changed=False)
220209235215.786 DEBUG 'ansible_navigator.main' Completed post processing for collection_doc_cache_path. (changed=False)
220209235215.786 DEBUG 'ansible_navigator.main' Completed post processing for container_engine. (changed=False)
220209235215.786 DEBUG 'ansible_navigator.main' Completed post processing for display_color. (changed=False)
220209235215.786 DEBUG 'ansible_navigator.main' Completed post processing for editor_console. (changed=False)
220209235215.786 DEBUG 'ansible_navigator.main' Completed post processing for execution_environment. (changed=False)
220209235215.786 DEBUG 'ansible_navigator.main' Completed post processing for execution_environment_image. (changed=False)
220209235215.786 DEBUG 'ansible_navigator.main' Completed post processing for execution_environment_volume_mounts. (changed=True)
220209235215.786 DEBUG 'ansible_navigator.main'  before: '[{'src': '/etc/ansible/', 'dest': '/etc/ansible/'}]'
220209235215.786 DEBUG 'ansible_navigator.main'  after: '['/etc/ansible/:/etc/ansible/']'
220209235215.786 DEBUG 'ansible_navigator.main' Completed post processing for help_config. (changed=False)
220209235215.786 DEBUG 'ansible_navigator.main' Completed post processing for help_doc. (changed=False)
220209235215.786 DEBUG 'ansible_navigator.main' Completed post processing for help_inventory. (changed=False)
220209235215.786 DEBUG 'ansible_navigator.main' Completed post processing for help_playbook. (changed=False)
220209235215.786 DEBUG 'ansible_navigator.main' Completed post processing for inventory. (changed=False)
220209235215.786 DEBUG 'ansible_navigator.main' Completed post processing for inventory_column. (changed=False)
220209235215.786 DEBUG 'ansible_navigator.main' Completed post processing for log_append. (changed=False)
220209235215.786 DEBUG 'ansible_navigator.main' Completed post processing for log_file. (changed=False)
220209235215.786 DEBUG 'ansible_navigator.main' Completed post processing for mode. (changed=False)
220209235215.786 DEBUG 'ansible_navigator.main' Completed post processing for osc4. (changed=False)
220209235215.786 DEBUG 'ansible_navigator.main' Completed post processing for pass_environment_variable. (changed=False)
220209235215.786 DEBUG 'ansible_navigator.main' Completed post processing for playbook. (changed=True)
220209235215.786 DEBUG 'ansible_navigator.main'  before: 'inventario.yml'
220209235215.787 DEBUG 'ansible_navigator.main'  after: '/home/student1/AAP2-Network/inventario.yml'
220209235215.787 DEBUG 'ansible_navigator.main' Completed post processing for playbook_artifact_enable. (changed=False)
220209235215.787 DEBUG 'ansible_navigator.main' Completed post processing for playbook_artifact_replay. (changed=False)
220209235215.787 DEBUG 'ansible_navigator.main' Completed post processing for plugin_name. (changed=False)
220209235215.787 DEBUG 'ansible_navigator.main' Completed post processing for set_environment_variable. (changed=False)
220209235215.787 WARNING 'ansible_navigator.main' Configuration errors encountered, rolling back to previous configuration.
220209235215.787 DEBUG 'ansible_navigator.main' Prior to rollback: ansible_runner_artifact_dir = 'Constants.NOT_SET' (Constants/value has not been set)
220209235215.787 DEBUG 'ansible_navigator.main' Prior to rollback: ansible_runner_rotate_artifacts_count = 'Constants.NOT_SET' (Constants/value has not been set)
220209235215.787 DEBUG 'ansible_navigator.main' Prior to rollback: ansible_runner_timeout = 'Constants.NOT_SET' (Constants/value has not been set)
220209235215.787 DEBUG 'ansible_navigator.main' Prior to rollback: app = 'run' (str/cli parameters)
220209235215.787 DEBUG 'ansible_navigator.main' Prior to rollback: cmdline = 'Constants.NOT_SET' (Constants/value has not been set)
220209235215.787 DEBUG 'ansible_navigator.main' Prior to rollback: collection_doc_cache_path = '/home/student1/.cache/ansible-navigator/collection_doc_cache.db' (str/default configuration value)
220209235215.787 DEBUG 'ansible_navigator.main' Prior to rollback: config = 'Constants.NOT_SET' (Constants/value has not been set)
220209235215.787 DEBUG 'ansible_navigator.main' Prior to rollback: container_engine = 'podman' (str/user provided configuration file)
220209235215.787 DEBUG 'ansible_navigator.main' Prior to rollback: display_color = 'True' (bool/default configuration value)
220209235215.787 DEBUG 'ansible_navigator.main' Prior to rollback: editor_command = 'vi +{line_number} {filename}' (str/default configuration value)
220209235215.787 DEBUG 'ansible_navigator.main' Prior to rollback: editor_console = 'True' (bool/default configuration value)
220209235215.787 DEBUG 'ansible_navigator.main' Prior to rollback: execution_environment = 'True' (bool/user provided configuration file)
220209235215.787 DEBUG 'ansible_navigator.main' Prior to rollback: execution_environment_image = 'registry.redhat.io/ansible-automation-platform-20-early-access/ee-supported-rhel8:2.0.0' (str/user provided configuration file)
220209235215.787 DEBUG 'ansible_navigator.main' Prior to rollback: execution_environment_volume_mounts = '['/etc/ansible/:/etc/ansible/']' (list/user provided configuration file)
220209235215.787 DEBUG 'ansible_navigator.main' Prior to rollback: help_config = 'False' (bool/default configuration value)
220209235215.787 DEBUG 'ansible_navigator.main' Prior to rollback: help_doc = 'False' (bool/default configuration value)
220209235215.787 DEBUG 'ansible_navigator.main' Prior to rollback: help_inventory = 'False' (bool/default configuration value)
220209235215.787 DEBUG 'ansible_navigator.main' Prior to rollback: help_playbook = 'False' (bool/default configuration value)
220209235215.787 DEBUG 'ansible_navigator.main' Prior to rollback: inventory = '['/home/student1/lab_inventory/hosts']' (list/user provided configuration file)
220209235215.787 DEBUG 'ansible_navigator.main' Prior to rollback: inventory_column = 'Constants.NOT_SET' (Constants/value has not been set)
220209235215.787 DEBUG 'ansible_navigator.main' Prior to rollback: log_append = 'True' (bool/default configuration value)
220209235215.787 DEBUG 'ansible_navigator.main' Prior to rollback: log_file = '/home/student1/AAP2-Network/ansible-navigator.log' (str/default configuration value)
220209235215.787 DEBUG 'ansible_navigator.main' Prior to rollback: log_level = 'warning' (str/default configuration value)
220209235215.788 DEBUG 'ansible_navigator.main' Prior to rollback: mode = 'stadout' (str/cli parameters)
220209235215.788 DEBUG 'ansible_navigator.main' Prior to rollback: osc4 = 'True' (bool/default configuration value)
220209235215.788 DEBUG 'ansible_navigator.main' Prior to rollback: pass_environment_variable = 'Constants.NOT_SET' (Constants/value has not been set)
220209235215.788 DEBUG 'ansible_navigator.main' Prior to rollback: playbook = '/home/student1/AAP2-Network/inventario.yml' (str/cli parameters)
220209235215.788 DEBUG 'ansible_navigator.main' Prior to rollback: playbook_artifact_enable = 'True' (bool/default configuration value)
220209235215.788 DEBUG 'ansible_navigator.main' Prior to rollback: playbook_artifact_replay = 'Constants.NOT_SET' (Constants/value has not been set)
220209235215.788 DEBUG 'ansible_navigator.main' Prior to rollback: playbook_artifact_save_as = '{playbook_dir}/{playbook_name}-artifact-{ts_utc}.json' (str/default configuration value)
220209235215.788 DEBUG 'ansible_navigator.main' Prior to rollback: plugin_name = 'Constants.NOT_SET' (Constants/value has not been set)
220209235215.788 DEBUG 'ansible_navigator.main' Prior to rollback: plugin_type = 'module' (str/default configuration value)
220209235215.788 DEBUG 'ansible_navigator.main' Prior to rollback: pull_policy = 'missing' (str/user provided configuration file)
220209235215.788 DEBUG 'ansible_navigator.main' Prior to rollback: set_environment_variable = 'Constants.NOT_SET' (Constants/value has not been set)
220209235215.788 DEBUG 'ansible_navigator.main' After rollback: ansible_runner_artifact_dir = 'Constants.NOT_SET' (Constants/value has not been set)
220209235215.788 DEBUG 'ansible_navigator.main' After rollback: ansible_runner_rotate_artifacts_count = 'Constants.NOT_SET' (Constants/value has not been set)
220209235215.788 DEBUG 'ansible_navigator.main' After rollback: ansible_runner_timeout = 'Constants.NOT_SET' (Constants/value has not been set)
220209235215.788 DEBUG 'ansible_navigator.main' After rollback: app = 'Constants.NOT_SET' (Constants/value has not been set)
220209235215.788 DEBUG 'ansible_navigator.main' After rollback: cmdline = 'Constants.NOT_SET' (Constants/value has not been set)
220209235215.788 DEBUG 'ansible_navigator.main' After rollback: collection_doc_cache_path = 'Constants.NOT_SET' (Constants/value has not been set)
220209235215.788 DEBUG 'ansible_navigator.main' After rollback: config = 'Constants.NOT_SET' (Constants/value has not been set)
220209235215.788 DEBUG 'ansible_navigator.main' After rollback: container_engine = 'Constants.NOT_SET' (Constants/value has not been set)
220209235215.788 DEBUG 'ansible_navigator.main' After rollback: display_color = 'Constants.NOT_SET' (Constants/value has not been set)
220209235215.788 DEBUG 'ansible_navigator.main' After rollback: editor_command = 'Constants.NOT_SET' (Constants/value has not been set)
220209235215.788 DEBUG 'ansible_navigator.main' After rollback: editor_console = 'Constants.NOT_SET' (Constants/value has not been set)
220209235215.788 DEBUG 'ansible_navigator.main' After rollback: execution_environment = 'Constants.NOT_SET' (Constants/value has not been set)
220209235215.789 DEBUG 'ansible_navigator.main' After rollback: execution_environment_image = 'Constants.NOT_SET' (Constants/value has not been set)
220209235215.789 DEBUG 'ansible_navigator.main' After rollback: execution_environment_volume_mounts = 'Constants.NOT_SET' (Constants/value has not been set)
220209235215.789 DEBUG 'ansible_navigator.main' After rollback: help_config = 'Constants.NOT_SET' (Constants/value has not been set)
220209235215.789 DEBUG 'ansible_navigator.main' After rollback: help_doc = 'Constants.NOT_SET' (Constants/value has not been set)
220209235215.789 DEBUG 'ansible_navigator.main' After rollback: help_inventory = 'Constants.NOT_SET' (Constants/value has not been set)
220209235215.789 DEBUG 'ansible_navigator.main' After rollback: help_playbook = 'Constants.NOT_SET' (Constants/value has not been set)
220209235215.789 DEBUG 'ansible_navigator.main' After rollback: inventory = 'Constants.NOT_SET' (Constants/value has not been set)
220209235215.789 DEBUG 'ansible_navigator.main' After rollback: inventory_column = 'Constants.NOT_SET' (Constants/value has not been set)
220209235215.789 DEBUG 'ansible_navigator.main' After rollback: log_append = 'Constants.NOT_SET' (Constants/value has not been set)
220209235215.789 DEBUG 'ansible_navigator.main' After rollback: log_file = 'Constants.NOT_SET' (Constants/value has not been set)
220209235215.789 DEBUG 'ansible_navigator.main' After rollback: log_level = 'Constants.NOT_SET' (Constants/value has not been set)
220209235215.789 DEBUG 'ansible_navigator.main' After rollback: mode = 'Constants.NOT_SET' (Constants/value has not been set)
220209235215.789 DEBUG 'ansible_navigator.main' After rollback: osc4 = 'Constants.NOT_SET' (Constants/value has not been set)
220209235215.789 DEBUG 'ansible_navigator.main' After rollback: pass_environment_variable = 'Constants.NOT_SET' (Constants/value has not been set)
220209235215.789 DEBUG 'ansible_navigator.main' After rollback: playbook = 'Constants.NOT_SET' (Constants/value has not been set)
220209235215.789 DEBUG 'ansible_navigator.main' After rollback: playbook_artifact_enable = 'Constants.NOT_SET' (Constants/value has not been set)
220209235215.789 DEBUG 'ansible_navigator.main' After rollback: playbook_artifact_replay = 'Constants.NOT_SET' (Constants/value has not been set)
220209235215.789 DEBUG 'ansible_navigator.main' After rollback: playbook_artifact_save_as = 'Constants.NOT_SET' (Constants/value has not been set)
220209235215.789 DEBUG 'ansible_navigator.main' After rollback: plugin_name = 'Constants.NOT_SET' (Constants/value has not been set)
220209235215.789 DEBUG 'ansible_navigator.main' After rollback: plugin_type = 'Constants.NOT_SET' (Constants/value has not been set)
220209235215.789 DEBUG 'ansible_navigator.main' After rollback: pull_policy = 'Constants.NOT_SET' (Constants/value has not been set)
220209235215.789 DEBUG 'ansible_navigator.main' After rollback: set_environment_variable = 'Constants.NOT_SET' (Constants/value has not been set)
220209235215.789 DEBUG 'ansible_navigator.main' Configuration rollback complete.
220209235215.789 ERROR 'ansible_navigator.main' Command provided: 'run inventario.yml --mode stadout'
220209235215.789 ERROR 'ansible_navigator.main' Subcommand 'run' does not support mode 'stadout'. Supported modes: 'stdout' and 'interactive'.
220209235215.789 INFO 'ansible_navigator.main' Try again with '-m stdout' or '-m interactive'
220209235215.789 ERROR 'ansible_navigator.main' mode must be one of 'stdout' or 'interactive', but set as 'stadout' in cli parameters
220209235215.790 INFO 'ansible_navigator.main' Try again with '-m stdout' or '-m interactive'
220209235215.790 ERROR 'ansible_navigator.main' Configuration failed, using default log file location: /home/student1/AAP2-Network/ansible-navigator.log. Log level set to debug
220209235215.790 INFO 'ansible_navigator.main' Review the hints and log file to see what went wrong: /home/student1/AAP2-Network/ansible-navigator.log
220209235608.237 INFO 'ansible_navigator.setup_logger' New ansible-navigator instance, logging initialized
220209235608.237 INFO 'ansible_navigator.setup_logger' New ansible-runner instance, logging initialized
220209235608.238 DEBUG 'ansible_navigator.main' Share directory '/usr/lib/python3.8/site-packages/share/ansible_navigator' not found (development path)
220209235608.238 DEBUG 'ansible_navigator.main' Share directory '/home/student1/.local/share/ansible_navigator' not found (userbase)
220209235608.238 DEBUG 'ansible_navigator.main' Share directory '/usr/share/ansible_navigator' found (sys.prefix)
220209235608.238 DEBUG 'ansible_navigator.main' Default collection_doc_cache_path set to: /home/student1/.cache/ansible-navigator/collection_doc_cache.db
220209235608.238 DEBUG 'ansible_navigator.main' EDITOR environment variable not set
220209235608.238 DEBUG 'ansible_navigator.main' Default editor_command set to: vi +{line_number} {filename}
220209235608.238 DEBUG 'ansible_navigator.main' No config file set by ANSIBLE_NAVIGATOR_CONFIG
220209235608.238 DEBUG 'ansible_navigator.main' Looking in /home/student1
220209235608.238 DEBUG 'ansible_navigator.main' Looking for '/home/student1/.ansible-navigator.yml', '/home/student1/.ansible-navigator.yaml' and '/home/student1/.ansible-navigator.json'
220209235608.238 DEBUG 'ansible_navigator.main' Found 1: '/home/student1/.ansible-navigator.yml'
220209235608.238 DEBUG 'ansible_navigator.main' Looking in /home/student1/AAP2-Network
220209235608.238 DEBUG 'ansible_navigator.main' Looking for '/home/student1/AAP2-Network/ansible-navigator.yml', '/home/student1/AAP2-Network/ansible-navigator.yaml' and '/home/student1/AAP2-Network/ansible-navigator.json'
220209235608.238 DEBUG 'ansible_navigator.main' Found 0: 
220209235608.238 DEBUG 'ansible_navigator.main' All found 1: '/home/student1/.ansible-navigator.yml'
220209235608.238 DEBUG 'ansible_navigator.main' Using: /home/student1/.ansible-navigator.yml
220209235608.238 DEBUG 'ansible_navigator.main' Using settings file at /home/student1/.ansible-navigator.yml in search path
220209235608.238 DEBUG 'ansible_navigator.main' Command provided: 'run config_backup.yml --mode default'
220209235608.238 DEBUG 'ansible_navigator.main' ansible-navigator.ansible-runner.artifact-dir not found in settings file
220209235608.238 DEBUG 'ansible_navigator.main' ansible-navigator.ansible-runner.rotate-artifacts-count not found in settings file
220209235608.238 DEBUG 'ansible_navigator.main' ansible-navigator.ansible-runner.timeout not found in settings file
220209235608.238 DEBUG 'ansible_navigator.main' ansible-navigator.app not found in settings file
220209235608.239 DEBUG 'ansible_navigator.main' ansible-navigator.ansible.cmdline not found in settings file
220209235608.239 DEBUG 'ansible_navigator.main' ansible-navigator.collection-doc-cache-path not found in settings file
220209235608.239 DEBUG 'ansible_navigator.main' ansible-navigator.ansible.config not found in settings file
220209235608.239 DEBUG 'ansible_navigator.main' ansible-navigator.color.enable not found in settings file
220209235608.239 DEBUG 'ansible_navigator.main' ansible-navigator.editor.command not found in settings file
220209235608.239 DEBUG 'ansible_navigator.main' ansible-navigator.editor.console not found in settings file
220209235608.239 DEBUG 'ansible_navigator.main' ansible-navigator.help-config not found in settings file
220209235608.239 DEBUG 'ansible_navigator.main' ansible-navigator.help-doc not found in settings file
220209235608.239 DEBUG 'ansible_navigator.main' ansible-navigator.help-inventory not found in settings file
220209235608.239 DEBUG 'ansible_navigator.main' ansible-navigator.help-playbook not found in settings file
220209235608.239 DEBUG 'ansible_navigator.main' ansible-navigator.inventory-columns not found in settings file
220209235608.239 DEBUG 'ansible_navigator.main' ansible-navigator.logging.append not found in settings file
220209235608.239 DEBUG 'ansible_navigator.main' ansible-navigator.logging.file not found in settings file
220209235608.239 DEBUG 'ansible_navigator.main' ansible-navigator.logging.level not found in settings file
220209235608.239 DEBUG 'ansible_navigator.main' ansible-navigator.mode not found in settings file
220209235608.239 DEBUG 'ansible_navigator.main' ansible-navigator.color.osc4 not found in settings file
220209235608.239 DEBUG 'ansible_navigator.main' ansible-navigator.execution-environment.environment-variables.pass not found in settings file
220209235608.239 DEBUG 'ansible_navigator.main' ansible-navigator.ansible.playbook not found in settings file
220209235608.239 DEBUG 'ansible_navigator.main' ansible-navigator.playbook-artifact.enable not found in settings file
220209235608.239 DEBUG 'ansible_navigator.main' ansible-navigator.playbook-artifact.replay not found in settings file
220209235608.239 DEBUG 'ansible_navigator.main' ansible-navigator.playbook-artifact.save-as not found in settings file
220209235608.239 DEBUG 'ansible_navigator.main' ansible-navigator.documentation.plugin.name not found in settings file
220209235608.239 DEBUG 'ansible_navigator.main' ansible-navigator.documentation.plugin.type not found in settings file
220209235608.239 DEBUG 'ansible_navigator.main' ansible-navigator.execution-environment.environment-variables.set not found in settings file
220209235608.239 DEBUG 'ansible_navigator.main' Completed post processing for ansible_runner_artifact_dir. (changed=False)
220209235608.239 DEBUG 'ansible_navigator.main' Completed post processing for ansible_runner_rotate_artifacts_count. (changed=False)
220209235608.239 DEBUG 'ansible_navigator.main' Completed post processing for ansible_runner_timeout. (changed=False)
220209235608.239 DEBUG 'ansible_navigator.main' Completed post processing for cmdline. (changed=False)
220209235608.239 DEBUG 'ansible_navigator.main' Completed post processing for collection_doc_cache_path. (changed=False)
220209235608.239 DEBUG 'ansible_navigator.main' Completed post processing for container_engine. (changed=False)
220209235608.240 DEBUG 'ansible_navigator.main' Completed post processing for display_color. (changed=False)
220209235608.240 DEBUG 'ansible_navigator.main' Completed post processing for editor_console. (changed=False)
220209235608.240 DEBUG 'ansible_navigator.main' Completed post processing for execution_environment. (changed=False)
220209235608.240 DEBUG 'ansible_navigator.main' Completed post processing for execution_environment_image. (changed=False)
220209235608.240 DEBUG 'ansible_navigator.main' Completed post processing for execution_environment_volume_mounts. (changed=True)
220209235608.240 DEBUG 'ansible_navigator.main'  before: '[{'src': '/etc/ansible/', 'dest': '/etc/ansible/'}]'
220209235608.240 DEBUG 'ansible_navigator.main'  after: '['/etc/ansible/:/etc/ansible/']'
220209235608.240 DEBUG 'ansible_navigator.main' Completed post processing for help_config. (changed=False)
220209235608.240 DEBUG 'ansible_navigator.main' Completed post processing for help_doc. (changed=False)
220209235608.240 DEBUG 'ansible_navigator.main' Completed post processing for help_inventory. (changed=False)
220209235608.240 DEBUG 'ansible_navigator.main' Completed post processing for help_playbook. (changed=False)
220209235608.240 DEBUG 'ansible_navigator.main' Completed post processing for inventory. (changed=False)
220209235608.240 DEBUG 'ansible_navigator.main' Completed post processing for inventory_column. (changed=False)
220209235608.240 DEBUG 'ansible_navigator.main' Completed post processing for log_append. (changed=False)
220209235608.240 DEBUG 'ansible_navigator.main' Completed post processing for log_file. (changed=False)
220209235608.240 DEBUG 'ansible_navigator.main' Completed post processing for mode. (changed=False)
220209235608.240 DEBUG 'ansible_navigator.main' Completed post processing for osc4. (changed=False)
220209235608.240 DEBUG 'ansible_navigator.main' Completed post processing for pass_environment_variable. (changed=False)
220209235608.240 DEBUG 'ansible_navigator.main' Completed post processing for playbook. (changed=True)
220209235608.240 DEBUG 'ansible_navigator.main'  before: 'config_backup.yml'
220209235608.240 DEBUG 'ansible_navigator.main'  after: '/home/student1/AAP2-Network/config_backup.yml'
220209235608.240 DEBUG 'ansible_navigator.main' Completed post processing for playbook_artifact_enable. (changed=False)
220209235608.240 DEBUG 'ansible_navigator.main' Completed post processing for playbook_artifact_replay. (changed=False)
220209235608.240 DEBUG 'ansible_navigator.main' Completed post processing for plugin_name. (changed=False)
220209235608.240 DEBUG 'ansible_navigator.main' Completed post processing for set_environment_variable. (changed=False)
220209235608.240 WARNING 'ansible_navigator.main' Configuration errors encountered, rolling back to previous configuration.
220209235608.240 DEBUG 'ansible_navigator.main' Prior to rollback: ansible_runner_artifact_dir = 'Constants.NOT_SET' (Constants/value has not been set)
220209235608.240 DEBUG 'ansible_navigator.main' Prior to rollback: ansible_runner_rotate_artifacts_count = 'Constants.NOT_SET' (Constants/value has not been set)
220209235608.240 DEBUG 'ansible_navigator.main' Prior to rollback: ansible_runner_timeout = 'Constants.NOT_SET' (Constants/value has not been set)
220209235608.240 DEBUG 'ansible_navigator.main' Prior to rollback: app = 'run' (str/cli parameters)
220209235608.241 DEBUG 'ansible_navigator.main' Prior to rollback: cmdline = 'Constants.NOT_SET' (Constants/value has not been set)
220209235608.241 DEBUG 'ansible_navigator.main' Prior to rollback: collection_doc_cache_path = '/home/student1/.cache/ansible-navigator/collection_doc_cache.db' (str/default configuration value)
220209235608.241 DEBUG 'ansible_navigator.main' Prior to rollback: config = 'Constants.NOT_SET' (Constants/value has not been set)
220209235608.241 DEBUG 'ansible_navigator.main' Prior to rollback: container_engine = 'podman' (str/user provided configuration file)
220209235608.241 DEBUG 'ansible_navigator.main' Prior to rollback: display_color = 'True' (bool/default configuration value)
220209235608.241 DEBUG 'ansible_navigator.main' Prior to rollback: editor_command = 'vi +{line_number} {filename}' (str/default configuration value)
220209235608.241 DEBUG 'ansible_navigator.main' Prior to rollback: editor_console = 'True' (bool/default configuration value)
220209235608.241 DEBUG 'ansible_navigator.main' Prior to rollback: execution_environment = 'True' (bool/user provided configuration file)
220209235608.241 DEBUG 'ansible_navigator.main' Prior to rollback: execution_environment_image = 'registry.redhat.io/ansible-automation-platform-20-early-access/ee-supported-rhel8:2.0.0' (str/user provided configuration file)
220209235608.241 DEBUG 'ansible_navigator.main' Prior to rollback: execution_environment_volume_mounts = '['/etc/ansible/:/etc/ansible/']' (list/user provided configuration file)
220209235608.241 DEBUG 'ansible_navigator.main' Prior to rollback: help_config = 'False' (bool/default configuration value)
220209235608.241 DEBUG 'ansible_navigator.main' Prior to rollback: help_doc = 'False' (bool/default configuration value)
220209235608.241 DEBUG 'ansible_navigator.main' Prior to rollback: help_inventory = 'False' (bool/default configuration value)
220209235608.241 DEBUG 'ansible_navigator.main' Prior to rollback: help_playbook = 'False' (bool/default configuration value)
220209235608.241 DEBUG 'ansible_navigator.main' Prior to rollback: inventory = '['/home/student1/lab_inventory/hosts']' (list/user provided configuration file)
220209235608.241 DEBUG 'ansible_navigator.main' Prior to rollback: inventory_column = 'Constants.NOT_SET' (Constants/value has not been set)
220209235608.241 DEBUG 'ansible_navigator.main' Prior to rollback: log_append = 'True' (bool/default configuration value)
220209235608.241 DEBUG 'ansible_navigator.main' Prior to rollback: log_file = '/home/student1/AAP2-Network/ansible-navigator.log' (str/default configuration value)
220209235608.241 DEBUG 'ansible_navigator.main' Prior to rollback: log_level = 'warning' (str/default configuration value)
220209235608.241 DEBUG 'ansible_navigator.main' Prior to rollback: mode = 'default' (str/cli parameters)
220209235608.241 DEBUG 'ansible_navigator.main' Prior to rollback: osc4 = 'True' (bool/default configuration value)
220209235608.241 DEBUG 'ansible_navigator.main' Prior to rollback: pass_environment_variable = 'Constants.NOT_SET' (Constants/value has not been set)
220209235608.241 DEBUG 'ansible_navigator.main' Prior to rollback: playbook = '/home/student1/AAP2-Network/config_backup.yml' (str/cli parameters)
220209235608.241 DEBUG 'ansible_navigator.main' Prior to rollback: playbook_artifact_enable = 'True' (bool/default configuration value)
220209235608.241 DEBUG 'ansible_navigator.main' Prior to rollback: playbook_artifact_replay = 'Constants.NOT_SET' (Constants/value has not been set)
220209235608.241 DEBUG 'ansible_navigator.main' Prior to rollback: playbook_artifact_save_as = '{playbook_dir}/{playbook_name}-artifact-{ts_utc}.json' (str/default configuration value)
220209235608.241 DEBUG 'ansible_navigator.main' Prior to rollback: plugin_name = 'Constants.NOT_SET' (Constants/value has not been set)
220209235608.241 DEBUG 'ansible_navigator.main' Prior to rollback: plugin_type = 'module' (str/default configuration value)
220209235608.241 DEBUG 'ansible_navigator.main' Prior to rollback: pull_policy = 'missing' (str/user provided configuration file)
220209235608.242 DEBUG 'ansible_navigator.main' Prior to rollback: set_environment_variable = 'Constants.NOT_SET' (Constants/value has not been set)
220209235608.242 DEBUG 'ansible_navigator.main' After rollback: ansible_runner_artifact_dir = 'Constants.NOT_SET' (Constants/value has not been set)
220209235608.242 DEBUG 'ansible_navigator.main' After rollback: ansible_runner_rotate_artifacts_count = 'Constants.NOT_SET' (Constants/value has not been set)
220209235608.242 DEBUG 'ansible_navigator.main' After rollback: ansible_runner_timeout = 'Constants.NOT_SET' (Constants/value has not been set)
220209235608.242 DEBUG 'ansible_navigator.main' After rollback: app = 'Constants.NOT_SET' (Constants/value has not been set)
220209235608.242 DEBUG 'ansible_navigator.main' After rollback: cmdline = 'Constants.NOT_SET' (Constants/value has not been set)
220209235608.242 DEBUG 'ansible_navigator.main' After rollback: collection_doc_cache_path = 'Constants.NOT_SET' (Constants/value has not been set)
220209235608.242 DEBUG 'ansible_navigator.main' After rollback: config = 'Constants.NOT_SET' (Constants/value has not been set)
220209235608.242 DEBUG 'ansible_navigator.main' After rollback: container_engine = 'Constants.NOT_SET' (Constants/value has not been set)
220209235608.242 DEBUG 'ansible_navigator.main' After rollback: display_color = 'Constants.NOT_SET' (Constants/value has not been set)
220209235608.242 DEBUG 'ansible_navigator.main' After rollback: editor_command = 'Constants.NOT_SET' (Constants/value has not been set)
220209235608.242 DEBUG 'ansible_navigator.main' After rollback: editor_console = 'Constants.NOT_SET' (Constants/value has not been set)
220209235608.242 DEBUG 'ansible_navigator.main' After rollback: execution_environment = 'Constants.NOT_SET' (Constants/value has not been set)
220209235608.242 DEBUG 'ansible_navigator.main' After rollback: execution_environment_image = 'Constants.NOT_SET' (Constants/value has not been set)
220209235608.242 DEBUG 'ansible_navigator.main' After rollback: execution_environment_volume_mounts = 'Constants.NOT_SET' (Constants/value has not been set)
220209235608.242 DEBUG 'ansible_navigator.main' After rollback: help_config = 'Constants.NOT_SET' (Constants/value has not been set)
220209235608.242 DEBUG 'ansible_navigator.main' After rollback: help_doc = 'Constants.NOT_SET' (Constants/value has not been set)
220209235608.242 DEBUG 'ansible_navigator.main' After rollback: help_inventory = 'Constants.NOT_SET' (Constants/value has not been set)
220209235608.242 DEBUG 'ansible_navigator.main' After rollback: help_playbook = 'Constants.NOT_SET' (Constants/value has not been set)
220209235608.242 DEBUG 'ansible_navigator.main' After rollback: inventory = 'Constants.NOT_SET' (Constants/value has not been set)
220209235608.242 DEBUG 'ansible_navigator.main' After rollback: inventory_column = 'Constants.NOT_SET' (Constants/value has not been set)
220209235608.242 DEBUG 'ansible_navigator.main' After rollback: log_append = 'Constants.NOT_SET' (Constants/value has not been set)
220209235608.242 DEBUG 'ansible_navigator.main' After rollback: log_file = 'Constants.NOT_SET' (Constants/value has not been set)
220209235608.242 DEBUG 'ansible_navigator.main' After rollback: log_level = 'Constants.NOT_SET' (Constants/value has not been set)
220209235608.242 DEBUG 'ansible_navigator.main' After rollback: mode = 'Constants.NOT_SET' (Constants/value has not been set)
220209235608.242 DEBUG 'ansible_navigator.main' After rollback: osc4 = 'Constants.NOT_SET' (Constants/value has not been set)
220209235608.242 DEBUG 'ansible_navigator.main' After rollback: pass_environment_variable = 'Constants.NOT_SET' (Constants/value has not been set)
220209235608.242 DEBUG 'ansible_navigator.main' After rollback: playbook = 'Constants.NOT_SET' (Constants/value has not been set)
220209235608.242 DEBUG 'ansible_navigator.main' After rollback: playbook_artifact_enable = 'Constants.NOT_SET' (Constants/value has not been set)
220209235608.242 DEBUG 'ansible_navigator.main' After rollback: playbook_artifact_replay = 'Constants.NOT_SET' (Constants/value has not been set)
220209235608.243 DEBUG 'ansible_navigator.main' After rollback: playbook_artifact_save_as = 'Constants.NOT_SET' (Constants/value has not been set)
220209235608.243 DEBUG 'ansible_navigator.main' After rollback: plugin_name = 'Constants.NOT_SET' (Constants/value has not been set)
220209235608.243 DEBUG 'ansible_navigator.main' After rollback: plugin_type = 'Constants.NOT_SET' (Constants/value has not been set)
220209235608.243 DEBUG 'ansible_navigator.main' After rollback: pull_policy = 'Constants.NOT_SET' (Constants/value has not been set)
220209235608.243 DEBUG 'ansible_navigator.main' After rollback: set_environment_variable = 'Constants.NOT_SET' (Constants/value has not been set)
220209235608.243 DEBUG 'ansible_navigator.main' Configuration rollback complete.
220209235608.243 ERROR 'ansible_navigator.main' Command provided: 'run config_backup.yml --mode default'
220209235608.243 ERROR 'ansible_navigator.main' Subcommand 'run' does not support mode 'default'. Supported modes: 'stdout' and 'interactive'.
220209235608.243 INFO 'ansible_navigator.main' Try again with '-m stdout' or '-m interactive'
220209235608.243 ERROR 'ansible_navigator.main' mode must be one of 'stdout' or 'interactive', but set as 'default' in cli parameters
220209235608.243 INFO 'ansible_navigator.main' Try again with '-m stdout' or '-m interactive'
220209235608.243 ERROR 'ansible_navigator.main' Configuration failed, using default log file location: /home/student1/AAP2-Network/ansible-navigator.log. Log level set to debug
220209235608.243 INFO 'ansible_navigator.main' Review the hints and log file to see what went wrong: /home/student1/AAP2-Network/ansible-navigator.log
220209235615.345 INFO 'ansible_navigator.setup_logger' New ansible-navigator instance, logging initialized
220209235615.345 INFO 'ansible_navigator.setup_logger' New ansible-runner instance, logging initialized
220209235615.346 DEBUG 'ansible_navigator.main' Share directory '/usr/lib/python3.8/site-packages/share/ansible_navigator' not found (development path)
220209235615.346 DEBUG 'ansible_navigator.main' Share directory '/home/student1/.local/share/ansible_navigator' not found (userbase)
220209235615.346 DEBUG 'ansible_navigator.main' Share directory '/usr/share/ansible_navigator' found (sys.prefix)
220209235615.346 DEBUG 'ansible_navigator.main' Default collection_doc_cache_path set to: /home/student1/.cache/ansible-navigator/collection_doc_cache.db
220209235615.346 DEBUG 'ansible_navigator.main' EDITOR environment variable not set
220209235615.346 DEBUG 'ansible_navigator.main' Default editor_command set to: vi +{line_number} {filename}
220209235615.346 DEBUG 'ansible_navigator.main' No config file set by ANSIBLE_NAVIGATOR_CONFIG
220209235615.346 DEBUG 'ansible_navigator.main' Looking in /home/student1
220209235615.346 DEBUG 'ansible_navigator.main' Looking for '/home/student1/.ansible-navigator.yml', '/home/student1/.ansible-navigator.yaml' and '/home/student1/.ansible-navigator.json'
220209235615.346 DEBUG 'ansible_navigator.main' Found 1: '/home/student1/.ansible-navigator.yml'
220209235615.346 DEBUG 'ansible_navigator.main' Looking in /home/student1/AAP2-Network
220209235615.346 DEBUG 'ansible_navigator.main' Looking for '/home/student1/AAP2-Network/ansible-navigator.yml', '/home/student1/AAP2-Network/ansible-navigator.yaml' and '/home/student1/AAP2-Network/ansible-navigator.json'
220209235615.346 DEBUG 'ansible_navigator.main' Found 0: 
220209235615.346 DEBUG 'ansible_navigator.main' All found 1: '/home/student1/.ansible-navigator.yml'
220209235615.346 DEBUG 'ansible_navigator.main' Using: /home/student1/.ansible-navigator.yml
220209235615.346 DEBUG 'ansible_navigator.main' Using settings file at /home/student1/.ansible-navigator.yml in search path
220209235615.346 DEBUG 'ansible_navigator.main' Command provided: 'run config_backup.yml --mode stadout'
220209235615.346 DEBUG 'ansible_navigator.main' ansible-navigator.ansible-runner.artifact-dir not found in settings file
220209235615.346 DEBUG 'ansible_navigator.main' ansible-navigator.ansible-runner.rotate-artifacts-count not found in settings file
220209235615.346 DEBUG 'ansible_navigator.main' ansible-navigator.ansible-runner.timeout not found in settings file
220209235615.346 DEBUG 'ansible_navigator.main' ansible-navigator.app not found in settings file
220209235615.346 DEBUG 'ansible_navigator.main' ansible-navigator.ansible.cmdline not found in settings file
220209235615.347 DEBUG 'ansible_navigator.main' ansible-navigator.collection-doc-cache-path not found in settings file
220209235615.347 DEBUG 'ansible_navigator.main' ansible-navigator.ansible.config not found in settings file
220209235615.347 DEBUG 'ansible_navigator.main' ansible-navigator.color.enable not found in settings file
220209235615.347 DEBUG 'ansible_navigator.main' ansible-navigator.editor.command not found in settings file
220209235615.347 DEBUG 'ansible_navigator.main' ansible-navigator.editor.console not found in settings file
220209235615.347 DEBUG 'ansible_navigator.main' ansible-navigator.help-config not found in settings file
220209235615.347 DEBUG 'ansible_navigator.main' ansible-navigator.help-doc not found in settings file
220209235615.347 DEBUG 'ansible_navigator.main' ansible-navigator.help-inventory not found in settings file
220209235615.347 DEBUG 'ansible_navigator.main' ansible-navigator.help-playbook not found in settings file
220209235615.347 DEBUG 'ansible_navigator.main' ansible-navigator.inventory-columns not found in settings file
220209235615.347 DEBUG 'ansible_navigator.main' ansible-navigator.logging.append not found in settings file
220209235615.347 DEBUG 'ansible_navigator.main' ansible-navigator.logging.file not found in settings file
220209235615.347 DEBUG 'ansible_navigator.main' ansible-navigator.logging.level not found in settings file
220209235615.347 DEBUG 'ansible_navigator.main' ansible-navigator.mode not found in settings file
220209235615.347 DEBUG 'ansible_navigator.main' ansible-navigator.color.osc4 not found in settings file
220209235615.347 DEBUG 'ansible_navigator.main' ansible-navigator.execution-environment.environment-variables.pass not found in settings file
220209235615.347 DEBUG 'ansible_navigator.main' ansible-navigator.ansible.playbook not found in settings file
220209235615.347 DEBUG 'ansible_navigator.main' ansible-navigator.playbook-artifact.enable not found in settings file
220209235615.347 DEBUG 'ansible_navigator.main' ansible-navigator.playbook-artifact.replay not found in settings file
220209235615.347 DEBUG 'ansible_navigator.main' ansible-navigator.playbook-artifact.save-as not found in settings file
220209235615.347 DEBUG 'ansible_navigator.main' ansible-navigator.documentation.plugin.name not found in settings file
220209235615.347 DEBUG 'ansible_navigator.main' ansible-navigator.documentation.plugin.type not found in settings file
220209235615.347 DEBUG 'ansible_navigator.main' ansible-navigator.execution-environment.environment-variables.set not found in settings file
220209235615.347 DEBUG 'ansible_navigator.main' Completed post processing for ansible_runner_artifact_dir. (changed=False)
220209235615.347 DEBUG 'ansible_navigator.main' Completed post processing for ansible_runner_rotate_artifacts_count. (changed=False)
220209235615.347 DEBUG 'ansible_navigator.main' Completed post processing for ansible_runner_timeout. (changed=False)
220209235615.347 DEBUG 'ansible_navigator.main' Completed post processing for cmdline. (changed=False)
220209235615.347 DEBUG 'ansible_navigator.main' Completed post processing for collection_doc_cache_path. (changed=False)
220209235615.348 DEBUG 'ansible_navigator.main' Completed post processing for container_engine. (changed=False)
220209235615.348 DEBUG 'ansible_navigator.main' Completed post processing for display_color. (changed=False)
220209235615.348 DEBUG 'ansible_navigator.main' Completed post processing for editor_console. (changed=False)
220209235615.348 DEBUG 'ansible_navigator.main' Completed post processing for execution_environment. (changed=False)
220209235615.348 DEBUG 'ansible_navigator.main' Completed post processing for execution_environment_image. (changed=False)
220209235615.348 DEBUG 'ansible_navigator.main' Completed post processing for execution_environment_volume_mounts. (changed=True)
220209235615.348 DEBUG 'ansible_navigator.main'  before: '[{'src': '/etc/ansible/', 'dest': '/etc/ansible/'}]'
220209235615.348 DEBUG 'ansible_navigator.main'  after: '['/etc/ansible/:/etc/ansible/']'
220209235615.348 DEBUG 'ansible_navigator.main' Completed post processing for help_config. (changed=False)
220209235615.348 DEBUG 'ansible_navigator.main' Completed post processing for help_doc. (changed=False)
220209235615.348 DEBUG 'ansible_navigator.main' Completed post processing for help_inventory. (changed=False)
220209235615.348 DEBUG 'ansible_navigator.main' Completed post processing for help_playbook. (changed=False)
220209235615.348 DEBUG 'ansible_navigator.main' Completed post processing for inventory. (changed=False)
220209235615.348 DEBUG 'ansible_navigator.main' Completed post processing for inventory_column. (changed=False)
220209235615.348 DEBUG 'ansible_navigator.main' Completed post processing for log_append. (changed=False)
220209235615.348 DEBUG 'ansible_navigator.main' Completed post processing for log_file. (changed=False)
220209235615.348 DEBUG 'ansible_navigator.main' Completed post processing for mode. (changed=False)
220209235615.348 DEBUG 'ansible_navigator.main' Completed post processing for osc4. (changed=False)
220209235615.348 DEBUG 'ansible_navigator.main' Completed post processing for pass_environment_variable. (changed=False)
220209235615.348 DEBUG 'ansible_navigator.main' Completed post processing for playbook. (changed=True)
220209235615.348 DEBUG 'ansible_navigator.main'  before: 'config_backup.yml'
220209235615.348 DEBUG 'ansible_navigator.main'  after: '/home/student1/AAP2-Network/config_backup.yml'
220209235615.348 DEBUG 'ansible_navigator.main' Completed post processing for playbook_artifact_enable. (changed=False)
220209235615.348 DEBUG 'ansible_navigator.main' Completed post processing for playbook_artifact_replay. (changed=False)
220209235615.348 DEBUG 'ansible_navigator.main' Completed post processing for plugin_name. (changed=False)
220209235615.348 DEBUG 'ansible_navigator.main' Completed post processing for set_environment_variable. (changed=False)
220209235615.348 WARNING 'ansible_navigator.main' Configuration errors encountered, rolling back to previous configuration.
220209235615.349 DEBUG 'ansible_navigator.main' Prior to rollback: ansible_runner_artifact_dir = 'Constants.NOT_SET' (Constants/value has not been set)
220209235615.349 DEBUG 'ansible_navigator.main' Prior to rollback: ansible_runner_rotate_artifacts_count = 'Constants.NOT_SET' (Constants/value has not been set)
220209235615.349 DEBUG 'ansible_navigator.main' Prior to rollback: ansible_runner_timeout = 'Constants.NOT_SET' (Constants/value has not been set)
220209235615.349 DEBUG 'ansible_navigator.main' Prior to rollback: app = 'run' (str/cli parameters)
220209235615.349 DEBUG 'ansible_navigator.main' Prior to rollback: cmdline = 'Constants.NOT_SET' (Constants/value has not been set)
220209235615.349 DEBUG 'ansible_navigator.main' Prior to rollback: collection_doc_cache_path = '/home/student1/.cache/ansible-navigator/collection_doc_cache.db' (str/default configuration value)
220209235615.349 DEBUG 'ansible_navigator.main' Prior to rollback: config = 'Constants.NOT_SET' (Constants/value has not been set)
220209235615.349 DEBUG 'ansible_navigator.main' Prior to rollback: container_engine = 'podman' (str/user provided configuration file)
220209235615.349 DEBUG 'ansible_navigator.main' Prior to rollback: display_color = 'True' (bool/default configuration value)
220209235615.349 DEBUG 'ansible_navigator.main' Prior to rollback: editor_command = 'vi +{line_number} {filename}' (str/default configuration value)
220209235615.349 DEBUG 'ansible_navigator.main' Prior to rollback: editor_console = 'True' (bool/default configuration value)
220209235615.349 DEBUG 'ansible_navigator.main' Prior to rollback: execution_environment = 'True' (bool/user provided configuration file)
220209235615.349 DEBUG 'ansible_navigator.main' Prior to rollback: execution_environment_image = 'registry.redhat.io/ansible-automation-platform-20-early-access/ee-supported-rhel8:2.0.0' (str/user provided configuration file)
220209235615.349 DEBUG 'ansible_navigator.main' Prior to rollback: execution_environment_volume_mounts = '['/etc/ansible/:/etc/ansible/']' (list/user provided configuration file)
220209235615.349 DEBUG 'ansible_navigator.main' Prior to rollback: help_config = 'False' (bool/default configuration value)
220209235615.349 DEBUG 'ansible_navigator.main' Prior to rollback: help_doc = 'False' (bool/default configuration value)
220209235615.349 DEBUG 'ansible_navigator.main' Prior to rollback: help_inventory = 'False' (bool/default configuration value)
220209235615.349 DEBUG 'ansible_navigator.main' Prior to rollback: help_playbook = 'False' (bool/default configuration value)
220209235615.349 DEBUG 'ansible_navigator.main' Prior to rollback: inventory = '['/home/student1/lab_inventory/hosts']' (list/user provided configuration file)
220209235615.349 DEBUG 'ansible_navigator.main' Prior to rollback: inventory_column = 'Constants.NOT_SET' (Constants/value has not been set)
220209235615.349 DEBUG 'ansible_navigator.main' Prior to rollback: log_append = 'True' (bool/default configuration value)
220209235615.349 DEBUG 'ansible_navigator.main' Prior to rollback: log_file = '/home/student1/AAP2-Network/ansible-navigator.log' (str/default configuration value)
220209235615.349 DEBUG 'ansible_navigator.main' Prior to rollback: log_level = 'warning' (str/default configuration value)
220209235615.349 DEBUG 'ansible_navigator.main' Prior to rollback: mode = 'stadout' (str/cli parameters)
220209235615.349 DEBUG 'ansible_navigator.main' Prior to rollback: osc4 = 'True' (bool/default configuration value)
220209235615.349 DEBUG 'ansible_navigator.main' Prior to rollback: pass_environment_variable = 'Constants.NOT_SET' (Constants/value has not been set)
220209235615.349 DEBUG 'ansible_navigator.main' Prior to rollback: playbook = '/home/student1/AAP2-Network/config_backup.yml' (str/cli parameters)
220209235615.350 DEBUG 'ansible_navigator.main' Prior to rollback: playbook_artifact_enable = 'True' (bool/default configuration value)
220209235615.350 DEBUG 'ansible_navigator.main' Prior to rollback: playbook_artifact_replay = 'Constants.NOT_SET' (Constants/value has not been set)
220209235615.350 DEBUG 'ansible_navigator.main' Prior to rollback: playbook_artifact_save_as = '{playbook_dir}/{playbook_name}-artifact-{ts_utc}.json' (str/default configuration value)
220209235615.350 DEBUG 'ansible_navigator.main' Prior to rollback: plugin_name = 'Constants.NOT_SET' (Constants/value has not been set)
220209235615.350 DEBUG 'ansible_navigator.main' Prior to rollback: plugin_type = 'module' (str/default configuration value)
220209235615.350 DEBUG 'ansible_navigator.main' Prior to rollback: pull_policy = 'missing' (str/user provided configuration file)
220209235615.350 DEBUG 'ansible_navigator.main' Prior to rollback: set_environment_variable = 'Constants.NOT_SET' (Constants/value has not been set)
220209235615.350 DEBUG 'ansible_navigator.main' After rollback: ansible_runner_artifact_dir = 'Constants.NOT_SET' (Constants/value has not been set)
220209235615.350 DEBUG 'ansible_navigator.main' After rollback: ansible_runner_rotate_artifacts_count = 'Constants.NOT_SET' (Constants/value has not been set)
220209235615.350 DEBUG 'ansible_navigator.main' After rollback: ansible_runner_timeout = 'Constants.NOT_SET' (Constants/value has not been set)
220209235615.350 DEBUG 'ansible_navigator.main' After rollback: app = 'Constants.NOT_SET' (Constants/value has not been set)
220209235615.350 DEBUG 'ansible_navigator.main' After rollback: cmdline = 'Constants.NOT_SET' (Constants/value has not been set)
220209235615.350 DEBUG 'ansible_navigator.main' After rollback: collection_doc_cache_path = 'Constants.NOT_SET' (Constants/value has not been set)
220209235615.350 DEBUG 'ansible_navigator.main' After rollback: config = 'Constants.NOT_SET' (Constants/value has not been set)
220209235615.350 DEBUG 'ansible_navigator.main' After rollback: container_engine = 'Constants.NOT_SET' (Constants/value has not been set)
220209235615.350 DEBUG 'ansible_navigator.main' After rollback: display_color = 'Constants.NOT_SET' (Constants/value has not been set)
220209235615.350 DEBUG 'ansible_navigator.main' After rollback: editor_command = 'Constants.NOT_SET' (Constants/value has not been set)
220209235615.350 DEBUG 'ansible_navigator.main' After rollback: editor_console = 'Constants.NOT_SET' (Constants/value has not been set)
220209235615.350 DEBUG 'ansible_navigator.main' After rollback: execution_environment = 'Constants.NOT_SET' (Constants/value has not been set)
220209235615.350 DEBUG 'ansible_navigator.main' After rollback: execution_environment_image = 'Constants.NOT_SET' (Constants/value has not been set)
220209235615.350 DEBUG 'ansible_navigator.main' After rollback: execution_environment_volume_mounts = 'Constants.NOT_SET' (Constants/value has not been set)
220209235615.350 DEBUG 'ansible_navigator.main' After rollback: help_config = 'Constants.NOT_SET' (Constants/value has not been set)
220209235615.350 DEBUG 'ansible_navigator.main' After rollback: help_doc = 'Constants.NOT_SET' (Constants/value has not been set)
220209235615.350 DEBUG 'ansible_navigator.main' After rollback: help_inventory = 'Constants.NOT_SET' (Constants/value has not been set)
220209235615.350 DEBUG 'ansible_navigator.main' After rollback: help_playbook = 'Constants.NOT_SET' (Constants/value has not been set)
220209235615.351 DEBUG 'ansible_navigator.main' After rollback: inventory = 'Constants.NOT_SET' (Constants/value has not been set)
220209235615.351 DEBUG 'ansible_navigator.main' After rollback: inventory_column = 'Constants.NOT_SET' (Constants/value has not been set)
220209235615.351 DEBUG 'ansible_navigator.main' After rollback: log_append = 'Constants.NOT_SET' (Constants/value has not been set)
220209235615.351 DEBUG 'ansible_navigator.main' After rollback: log_file = 'Constants.NOT_SET' (Constants/value has not been set)
220209235615.351 DEBUG 'ansible_navigator.main' After rollback: log_level = 'Constants.NOT_SET' (Constants/value has not been set)
220209235615.351 DEBUG 'ansible_navigator.main' After rollback: mode = 'Constants.NOT_SET' (Constants/value has not been set)
220209235615.351 DEBUG 'ansible_navigator.main' After rollback: osc4 = 'Constants.NOT_SET' (Constants/value has not been set)
220209235615.351 DEBUG 'ansible_navigator.main' After rollback: pass_environment_variable = 'Constants.NOT_SET' (Constants/value has not been set)
220209235615.351 DEBUG 'ansible_navigator.main' After rollback: playbook = 'Constants.NOT_SET' (Constants/value has not been set)
220209235615.351 DEBUG 'ansible_navigator.main' After rollback: playbook_artifact_enable = 'Constants.NOT_SET' (Constants/value has not been set)
220209235615.351 DEBUG 'ansible_navigator.main' After rollback: playbook_artifact_replay = 'Constants.NOT_SET' (Constants/value has not been set)
220209235615.351 DEBUG 'ansible_navigator.main' After rollback: playbook_artifact_save_as = 'Constants.NOT_SET' (Constants/value has not been set)
220209235615.351 DEBUG 'ansible_navigator.main' After rollback: plugin_name = 'Constants.NOT_SET' (Constants/value has not been set)
220209235615.351 DEBUG 'ansible_navigator.main' After rollback: plugin_type = 'Constants.NOT_SET' (Constants/value has not been set)
220209235615.351 DEBUG 'ansible_navigator.main' After rollback: pull_policy = 'Constants.NOT_SET' (Constants/value has not been set)
220209235615.351 DEBUG 'ansible_navigator.main' After rollback: set_environment_variable = 'Constants.NOT_SET' (Constants/value has not been set)
220209235615.351 DEBUG 'ansible_navigator.main' Configuration rollback complete.
220209235615.351 ERROR 'ansible_navigator.main' Command provided: 'run config_backup.yml --mode stadout'
220209235615.351 ERROR 'ansible_navigator.main' Subcommand 'run' does not support mode 'stadout'. Supported modes: 'stdout' and 'interactive'.
220209235615.351 INFO 'ansible_navigator.main' Try again with '-m stdout' or '-m interactive'
220209235615.351 ERROR 'ansible_navigator.main' mode must be one of 'stdout' or 'interactive', but set as 'stadout' in cli parameters
220209235615.351 INFO 'ansible_navigator.main' Try again with '-m stdout' or '-m interactive'
220209235615.351 ERROR 'ansible_navigator.main' Configuration failed, using default log file location: /home/student1/AAP2-Network/ansible-navigator.log. Log level set to debug
220209235615.351 INFO 'ansible_navigator.main' Review the hints and log file to see what went wrong: /home/student1/AAP2-Network/ansible-navigator.log
220210000915.711 WARNING 'ansible_navigator.run' Dirty exit, killing the pid
